liquidctl.cli: device: Corsair Hydro H150i Pro (experimental)
liquidctl.driver.asetek: set clear to send = True
liquidctl.driver.usb: sending control transfer with (64, 2, 2), {}
liquidctl.driver.usb: send 2 bytes: 32:00
liquidctl.driver.usb: recv 3 bytes: 32:12:34



liquidctl.cli: device: Corsair Hydro H150i Pro (experimental)
liquidctl.driver.asetek: set clear to send = True
liquidctl.driver.usb: sending control transfer with (64, 2, 2), {}
liquidctl.driver.asetek_pro: setting fan1 PWM point: (32°C, 0%), device interpolated
liquidctl.driver.asetek_pro: setting fan1 PWM point: (33°C, 17%), device interpolated
liquidctl.driver.asetek_pro: setting fan1 PWM point: (34°C, 33%), device interpolated
liquidctl.driver.asetek_pro: setting fan1 PWM point: (35°C, 50%), device interpolated
liquidctl.driver.asetek_pro: setting fan1 PWM point: (36°C, 67%), device interpolated
liquidctl.driver.asetek_pro: setting fan1 PWM point: (37°C, 83%), device interpolated
liquidctl.driver.asetek_pro: setting fan1 PWM point: (38°C, 100%), device interpolated
liquidctl.driver.usb: send 16 bytes: 40:00:20:21:22:23:24:25:26:00:11:21:32:43:53:64
liquidctl.driver.usb: recv 3 bytes: 40:12:34



liquidctl.cli: device: Corsair Hydro H150i Pro (experimental)
liquidctl.driver.asetek: set clear to send = True
liquidctl.driver.usb: sending control transfer with (64, 2, 2), {}
liquidctl.driver.asetek_pro: setting fan2 PWM point: (32°C, 0%), device interpolated
liquidctl.driver.asetek_pro: setting fan2 PWM point: (33°C, 17%), device interpolated
liquidctl.driver.asetek_pro: setting fan2 PWM point: (34°C, 33%), device interpolated
liquidctl.driver.asetek_pro: setting fan2 PWM point: (35°C, 50%), device interpolated
liquidctl.driver.asetek_pro: setting fan2 PWM point: (36°C, 67%), device interpolated
liquidctl.driver.asetek_pro: setting fan2 PWM point: (37°C, 83%), device interpolated
liquidctl.driver.asetek_pro: setting fan2 PWM point: (38°C, 100%), device interpolated
liquidctl.driver.usb: send 16 bytes: 40:01:20:21:22:23:24:25:26:00:11:21:32:43:53:64
liquidctl.driver.usb: recv 3 bytes: 40:12:34



liquidctl.cli: device: Corsair Hydro H150i Pro (experimental)
liquidctl.driver.asetek: set clear to send = True
liquidctl.driver.usb: sending control transfer with (64, 2, 2), {}
liquidctl.driver.asetek_pro: setting fan3 PWM point: (32°C, 0%), device interpolated
liquidctl.driver.asetek_pro: setting fan3 PWM point: (33°C, 17%), device interpolated
liquidctl.driver.asetek_pro: setting fan3 PWM point: (34°C, 33%), device interpolated
liquidctl.driver.asetek_pro: setting fan3 PWM point: (35°C, 50%), device interpolated
liquidctl.driver.asetek_pro: setting fan3 PWM point: (36°C, 67%), device interpolated
liquidctl.driver.asetek_pro: setting fan3 PWM point: (37°C, 83%), device interpolated
liquidctl.driver.asetek_pro: setting fan3 PWM point: (38°C, 100%), device interpolated
liquidctl.driver.usb: send 16 bytes: 40:02:20:21:22:23:24:25:26:00:11:21:32:43:53:64
liquidctl.driver.usb: recv 3 bytes: 40:12:34



liquidctl.cli: device: Corsair Hydro H150i Pro (experimental)
liquidctl.driver.asetek: set clear to send = True
liquidctl.driver.usb: sending control transfer with (64, 2, 2), {}
liquidctl.driver.usb: send 1 bytes: a9
liquidctl.driver.usb: recv 5 bytes: a9:12:34:21:04
liquidctl.driver.usb: send 2 bytes: 41:00
liquidctl.driver.usb: recv 6 bytes: 41:12:34:00:01:3c
liquidctl.driver.usb: send 2 bytes: 41:01
liquidctl.driver.usb: recv 6 bytes: 41:12:34:01:01:43
liquidctl.driver.usb: send 2 bytes: 41:02
liquidctl.driver.usb: recv 6 bytes: 41:12:34:02:01:3c
liquidctl.driver.usb: send 1 bytes: 33
liquidctl.driver.usb: recv 4 bytes: 33:12:34:00
liquidctl.driver.usb: send 1 bytes: 31
liquidctl.driver.usb: recv 5 bytes: 31:12:34:06:54
liquidctl.driver.usb: send 1 bytes: aa
liquidctl.driver.usb: recv 7 bytes: aa:12:34:01:00:04:00
Corsair Hydro H150i Pro (experimental)
├── Liquid temperature       33.4  °C
├── Fan 1 speed               316  rpm
├── Fan 2 speed               323  rpm
├── Fan 3 speed               316  rpm
├── Pump mode               quiet
├── Pump speed               1620  rpm
└── Firmware version      1.0.4.0

